make all --print-data-base --no-builtin-variables --no-builtin-rules --question
# GNU Make 3.81
# Copyright (C) 2006  Free Software Foundation, Inc.
# This is free software; see the source for copying conditions.
# There is NO warranty; not even for MERCHANTABILITY or FITNESS FOR A
# PARTICULAR PURPOSE.

# This program built for i386-apple-darwin11.3.0
 

# Make data base, printed on Sat Jun  4 20:32:38 2022

# Variables

# automatic
<D = $(patsubst %/,%,$(dir $<))
# automatic
 
?F = $(notdir $?)
# makefile (from `Makefile', line 43)
OBJ = $(SRC:.c=.o)
# makefile (from `Makefile', line 33)
SRC = main.c env_functions.c print_env_var.c get_title.c	ft_echo.c ft_cd.c ft_export.c pre_parser.c builtins.c redir_in.c run_pipe_aux.c run_pipe.c split_cmd.c token.c token_utils.c redir_out.c ft_unset.c pre_parser_utils.c utils.c signal.c env_functions2.c
# environment
VSCODE_LOG_NATIVE = false
# automatic
?D = $(patsubst %/,%,$(dir $?))
# makefile (from `Makefile', line 15)
INCLUDES = -lreadline
# automatic
@D = $(patsubst %/,%,$(dir $@))
# automatic
@F = $(notdir $@)
# makefile
CURDIR := /Users/akitty/minishell
# makefile
SHELL = /bin/sh
# environment
VSCODE_NLS_CONFIG = {"locale":"en-us","availableLanguages":{},"_languagePackSupport":true}
# environment
_ = /usr/bin/make
# makefile (from `Makefile', line 1)
MAKEFILE_LIST :=  Makefile
# environment
VSCODE_VERBOSE_LOGGING = true
# environment
VSCODE_IPC_HOOK_EXTHOST = /var/folders/zz/zyxvpxvq6csfxvn_n003vqy400yxzj/T/vscode-ipc-8f1e257d-555c-4209-8424-64bc9ff80bf3.sock
# environment
VSCODE_CWD = /
# environment
Apple_PubSub_Socket_Render = /private/tmp/com.apple.launchd.V0OkikDqPD/Render
# environment
PATH = /Users/akitty/.brew/bin:/usr/local/bin:/usr/bin:/bin:/usr/sbin:/sbin:/usr/local/go/bin:/usr/local/share/dotnet:/usr/local/munki:~/.dotnet/tools:/Library/Frameworks/Mono.framework/Versions/Current/Commands
# environment
VSCODE_LOG_STACK = false
# environment
ELECTRON_RUN_AS_NODE = 1
# default
.FEATURES := target-specific order-only second-expansion else-if archives jobserver check-symlink
# environment
SSH_AUTH_SOCK = /private/tmp/com.apple.launchd.M3B3rQBQZB/Listeners
# automatic
%F = $(notdir $%)
# environment
HOMEBREW_TEMP = /tmp/akitty/Homebrew/Temp
# environment
VSCODE_PIPE_LOGGING = true
# environment
PWD = /Users/akitty/minishell
# environment
ORIGINAL_XDG_CURRENT_DESKTOP = undefined
# environment
VSCODE_AMD_ENTRYPOINT = vs/workbench/api/node/extensionHostProcess
# environment
HOME = /Users/akitty
# default
MAKEFILEPATH := /Applications/Xcode.app/Contents/Developer/Makefiles
# environment
VSCODE_CODE_CACHE_PATH = /Users/akitty/Library/Application Support/Code/CachedData/da15b6fd3ef856477bf6f4fb29ba1b7af717770d
# environment
LOGNAME = akitty
# environment
APPLICATION_INSIGHTS_NO_DIAGNOSTIC_CHANNEL = 1
# environment
VSCODE_HANDLES_UNCAUGHT_ERRORS = true
# automatic
^D = $(patsubst %/,%,$(dir $^))
# environment
XPC_FLAGS = 0x0
# default
MAKE = $(MAKE_COMMAND)
# default
MAKECMDGOALS := all
# environment
HOMEBREW_CACHE = /tmp/akitty/Homebrew/Caches
# environment
SHLVL = 1
# makefile (from `Makefile', line 47)
LIBFT = libft/libft.a
# makefile (from `Makefile', line 19)
CC = gcc
# default
MAKE_VERSION := 3.81
# environment
USER = akitty
# makefile
.DEFAULT_GOAL := all
# makefile (from `Makefile', line 13)
NAME = minishell
# automatic
%D = $(patsubst %/,%,$(dir $%))
# default
MAKE_COMMAND := /Applications/Xcode.app/Contents/Developer/usr/bin/make
# default
.VARIABLES := 
# environment
TMPDIR = /var/folders/zz/zyxvpxvq6csfxvn_n003vqy400yxzj/T/
# automatic
*F = $(notdir $*)
# environment
VSCODE_IPC_HOOK = /Users/akitty/Library/Application Support/Code/1.67.1-main.sock
# makefile
MAKEFLAGS = Rrqp
# environment
MFLAGS = -Rrqp
# automatic
*D = $(patsubst %/,%,$(dir $*))
# environment
XPC_SERVICE_NAME = com.microsoft.VSCode.2544
# automatic
+D = $(patsubst %/,%,$(dir $+))
# automatic
+F = $(notdir $+)
# environment
__CF_USER_TEXT_ENCODING = 0xF77F1:0x0:0x0
# default
MAKEFILES := 
# automatic
<F = $(notdir $<)
# makefile (from `Makefile', line 45)
LIBFT_PATH = libft/
# environment
LC_ALL = C
# makefile (from `Makefile', line 17)
HEADER = minishell.h
# automatic
^F = $(notdir $^)
# default
SUFFIXES := 
# makefile (from `Makefile', line 21)
 
FLAGS = -Wall -Wextra -Werror
# default
.INCLUDE_DIRS = /usr/local/include
# environment
MAKELEVEL := 0
# environment
LANG = C
# environment
VSCODE_PID = 60548
# variable set hash-table stats:
# Load=72/1024=7%, Rehash=0, Collisions=3/108=3%

# Pattern-specific Variable Values

# No pattern-specific variable values.

# Directories

# . (device 16777227, inode 224222): 30 files, no impossibilities.

# 30 files, no impossibilities in 1 directories.

# Implicit Rules

%.o: %.c minishell.h
#  commands to execute (from `Makefile', line 59):
	@$(CC) $(FLAGS) -c -o $@ $< $(CPPFLAGS)
	

# 1 implicit rules, 0 (0.0%) terminal.

# Files

# Not a target:
token_utils.o:
#  Implicit rule search has not been done.
#  Modification time never checked.
#  File has not been updated.

all: minishell
#  Phony target (prerequisite of .PHONY).
#  Command-line target.
#  Implicit rule search has not been done.
#  File does not exist.
#  File has been updated.
#  Needs to be updated (-q is set).
# variable set hash-table stats:
# Load=0/32=0%, Rehash=0, Collisions=0/5=0%

.PHONY: all clean fclean re
#  Implicit rule search has not been done.
#  Modification time never checked.
#  File has not been updated.

# Not a target:
redir_in.o:
#  Implicit rule search has not been done.
#  Modification time never checked.
#  File has not been updated.

# Not a target:
main.c:
#  Implicit rule search has been done.
#  Last modified 2022-06-04 20:30:40
#  File has been updated.
#  Successfully updated.
# variable set hash-table stats:
# Load=0/32=0%, Rehash=0, Collisions=0/0=0%

# Not a target:
ft_echo.o:
#  Implicit rule search has not been done.
#  Modification time never checked.
#  File has not been updated.

# Not a target:
builtins.o:
#  Implicit rule search has not been done.
#  Modification time never checked.
#  File has not been updated.

# Not a target:
ft_export.o:
#  Implicit rule search has not been done.
#  Modification time never checked.
#  File has not been updated.

# Not a target:
.SUFFIXES:
#  Implicit rule search has not been done.
#  Modification time never checked.
#  File has not been updated.

# Not a target:
Makefile:
#  Implicit rule search has been done.
#  Last modified 2022-06-04 20:32:27
#  File has been updated.
#  Successfully updated.
# variable set hash-table stats:
# Load=0/32=0%, Rehash=0, Collisions=0/0=0%

# Not a target:
split_cmd.o:
#  Implicit rule search has not been done.
#  Modification time never checked.
#  File has not been updated.

# Not a target:
pre_parser_utils.o:
#  Implicit rule search has not been done.
#  Modification time never checked.
#  File has not been updated.

# Not a target:
run_pipe.o:
#  Implicit rule search has not been done.
#  Modification time never checked.
#  File has not been updated.

# Not a target:
env_functions.o:
#  Implicit rule search has not been done.
#  Modification time never checked.
#  File has not been updated.

# Not a target:
get_title.o:
#  Implicit rule search has not been done.
#  Modification time never checked.
#  File has not been updated.

minishell: main.o env_functions.o print_env_var.o get_title.o ft_echo.o ft_cd.o ft_export.o pre_parser.o builtins.o redir_in.o run_pipe_aux.o run_pipe.o split_cmd.o token.o token_utils.o redir_out.o ft_unset.o pre_parser_utils.o utils.o signal.o env_functions2.o minishell.h
#  Implicit rule search has not been done.
#  File does not exist.
#  File has been updated.
#  Needs to be updated (-q is set).
# variable set hash-table stats:
# Load=0/32=0%, Rehash=0, Collisions=0/5=0%
#  commands to execute (from `Makefile', line 54):
	@$(MAKE) all -C $(LIBFT_PATH)
	@$(CC) -g $(FLAGS) $(OBJ) $(LIBFT) -lreadline -o $(NAME)
	

# Not a target:
token.o:
#  Implicit rule search has not been done.
#  Modification time never checked.
#  File has not been updated.

fclean: clean
#  Phony target (prerequisite of .PHONY).
#  Implicit rule search has not been done.
#  File does not exist.
#  File has not been updated.
#  commands to execute (from `Makefile', line 66):
	@$(MAKE) fclean -C $(dir $(LIBFT))
	@rm -rf $(NAME)
	

.SILENT: all clean fclean re
#  Implicit rule search has not been done.
#  Modification time never checked.
#  File has not been updated.

# Not a target:
.DEFAULT:
#  Implicit rule search has not been done.
#  Modification time never checked.
#  File has not been updated.

# Not a target:
print_env_var.o:
#  Implicit rule search has not been done.
#  Modification time never checked.
#  File has not been updated.

re: fclean all
#  Phony target (prerequisite of .PHONY).
#  Implicit rule search has not been done.
#  File does not exist.
#  File has not been updated.

# Not a target:
pre_parser.o:
#  Implicit rule search has not been done.
#  Modification time never checked.
#  File has not been updated.

clean:
#  Phony target (prerequisite of .PHONY).
#  Implicit rule search has not been done.
#  File does not exist.
#  File has not been updated.
#  commands to execute (from `Makefile', line 62):
	@$(MAKE) clean -C $(dir $(LIBFT))
	@rm -rf $(OBJ)
	

# Not a target:
ft_unset.o:
#  Implicit rule search has not been done.
#  Modification time never checked.
#  File has not been updated.

# Not a target:
utils.o:
#  Implicit rule search has not been done.
#  Modification time never checked.
#  File has not been updated.

main.o: main.c minishell.h
#  Implicit rule search has been done.
#  Implicit/static pattern stem: `main'
#  File does not exist.
#  File has been updated.
#  Needs to be updated (-q is set).
# automatic
# @ := main.o
# automatic
# % := 
# automatic
# * := main
# automatic
# + := main.c minishell.h
# automatic
# | := 
# automatic
# < := main.c
# automatic
# ^ := main.c minishell.h
# automatic
# ? := main.c minishell.h
# variable set hash-table stats:
# Load=8/32=25%, Rehash=0, Collisions=1/15=7%
#  commands to execute (from `Makefile', line 59):
	@$(CC) $(FLAGS) -c -o $@ $< $(CPPFLAGS)
	

# Not a target:
env_functions2.o:
#  Implicit rule search has not been done.
#  Modification time never checked.
#  File has not been updated.

# Not a target:
run_pipe_aux.o:
#  Implicit rule search has not been done.
#  Modification time never checked.
#  File has not been updated.

# Not a target:
minishell.h:
#  Implicit rule search has been done.
#  Last modified 2022-06-04 20:30:34
#  File has been updated.
#  Successfully updated.
# variable set hash-table stats:
# Load=0/32=0%, Rehash=0, Collisions=0/0=0%

# Not a target:
signal.o:
#  Implicit rule search has not been done.
#  Modification time never checked.
#  File has not been updated.

# Not a target:
redir_out.o:
#  Implicit rule search has not been done.
#  Modification time never checked.
#  File has not been updated.

# Not a target:
ft_cd.o:
#  Implicit rule search has not been done.
#  Modification time never checked.
#  File has not been updated.

# files hash-table stats:
# Load=33/1024=3%, Rehash=0, Collisions=0/85=0%
# VPATH Search Paths

# No `vpath' search paths.

# No general (`VPATH' variable) search path.

# # of strings in strcache: 1
# # of strcache buffers: 1
# strcache size: total = 4096 / max = 4096 / min = 4096 / avg = 4096
# strcache free: total = 4087 / max = 4087 / min = 4087 / avg = 4087

# Finished Make data base on Sat Jun  4 20:32:38 2022

 
